<?xml version="1.0" encoding="UTF-8"?>
<!-- Generated by org.testng.reporters.JUnitReportReporter -->
<testsuite hostname="DESKTOP-OVVO66B" failures="0" tests="4" name="Test1.ALTORO_MUTUAL.Altoro_test1" time="32.936" errors="0" timestamp="2022-10-11T18:10:55 IST" skipped="0">
  <testcase classname="Test1.ALTORO_MUTUAL.Altoro_test1" name="open_url" time="18.165"/>
  <system-out/>
  <testcase classname="Test1.ALTORO_MUTUAL.Altoro_test1" name="open_url1" time="3.889"/>
  <system-out/>
  <testcase classname="Test1.ALTORO_MUTUAL.Altoro_test1" name="open_url2" time="3.048"/>
  <system-out/>
  <testcase classname="Test1.ALTORO_MUTUAL.Altoro_test1" name="open_transactions" time="7.834"/>
  <system-out/>
</testsuite> <!-- Test1.ALTORO_MUTUAL.Altoro_test1 -->
